Determining if the pthread_create exist failed with the following output:
Change Dir: /home/sbrugger/workspace/src/laser_drivers/LMS1xx/build/CMakeFiles/CMakeTmp

Run Build Command:/usr/bin/make "cmTryCompileExec2809864423/fast"
make[1]: Entering directory `/home/sbrugger/workspace/src/laser_drivers/LMS1xx/build/CMakeFiles/CMakeTmp'
/usr/bin/make -f CMakeFiles/cmTryCompileExec2809864423.dir/build.make CMakeFiles/cmTryCompileExec2809864423.dir/build
make[2]: Entering directory `/home/sbrugger/workspace/src/laser_drivers/LMS1xx/build/CMakeFiles/CMakeTmp'
/usr/bin/cmake -E cmake_progress_report /home/sbrugger/workspace/src/laser_drivers/LMS1xx/build/CMakeFiles/CMakeTmp/CMakeFiles 1
Building C object CMakeFiles/cmTryCompileExec2809864423.dir/CheckSymbolExists.c.o
/usr/bin/gcc    -o CMakeFiles/cmTryCompileExec2809864423.dir/CheckSymbolExists.c.o   -c /home/sbrugger/workspace/src/laser_drivers/LMS1xx/build/CMakeFiles/CMakeTmp/CheckSymbolExists.c
Linking C executable cmTryCompileExec2809864423
/usr/bin/cmake -E cmake_link_script CMakeFiles/cmTryCompileExec2809864423.dir/link.txt --verbose=1
/usr/bin/gcc         CMakeFiles/cmTryCompileExec2809864423.dir/CheckSymbolExists.c.o  -o cmTryCompileExec2809864423 -rdynamic 
CMakeFiles/cmTryCompileExec2809864423.dir/CheckSymbolExists.c.o: In function `main':
CheckSymbolExists.c:(.text+0xa): undefined reference to `pthread_create'
collect2: error: ld returned 1 exit status
make[2]: *** [cmTryCompileExec2809864423] Error 1
make[2]: Leaving directory `/home/sbrugger/workspace/src/laser_drivers/LMS1xx/build/CMakeFiles/CMakeTmp'
make[1]: *** [cmTryCompileExec2809864423/fast] Error 2
make[1]: Leaving directory `/home/sbrugger/workspace/src/laser_drivers/LMS1xx/build/CMakeFiles/CMakeTmp'

File /home/sbrugger/workspace/src/laser_drivers/LMS1xx/build/CMakeFiles/CMakeTmp/CheckSymbolExists.c:
/* */
#include <pthread.h>

int main(int argc, char** argv)
{
  (void)argv;
#ifndef pthread_create
  return ((int*)(&pthread_create))[argc];
#else
  (void)argc;
  return 0;
#endif
}

Determining if the function pthread_create exists in the pthreads failed with the following output:
Change Dir: /home/sbrugger/workspace/src/laser_drivers/LMS1xx/build/CMakeFiles/CMakeTmp

Run Build Command:/usr/bin/make "cmTryCompileExec417290779/fast"
make[1]: Entering directory `/home/sbrugger/workspace/src/laser_drivers/LMS1xx/build/CMakeFiles/CMakeTmp'
/usr/bin/make -f CMakeFiles/cmTryCompileExec417290779.dir/build.make CMakeFiles/cmTryCompileExec417290779.dir/build
make[2]: Entering directory `/home/sbrugger/workspace/src/laser_drivers/LMS1xx/build/CMakeFiles/CMakeTmp'
/usr/bin/cmake -E cmake_progress_report /home/sbrugger/workspace/src/laser_drivers/LMS1xx/build/CMakeFiles/CMakeTmp/CMakeFiles 1
Building C object CMakeFiles/cmTryCompileExec417290779.dir/CheckFunctionExists.c.o
/usr/bin/gcc   -DCHECK_FUNCTION_EXISTS=pthread_create   -o CMakeFiles/cmTryCompileExec417290779.dir/CheckFunctionExists.c.o   -c /usr/share/cmake-2.8/Modules/CheckFunctionExists.c
Linking C executable cmTryCompileExec417290779
/usr/bin/cmake -E cmake_link_script CMakeFiles/cmTryCompileExec417290779.dir/link.txt --verbose=1
/usr/bin/gcc     -DCHECK_FUNCTION_EXISTS=pthread_create    CMakeFiles/cmTryCompileExec417290779.dir/CheckFunctionExists.c.o  -o cmTryCompileExec417290779 -rdynamic -lpthreads 
/usr/bin/ld: cannot find -lpthreads
collect2: error: ld returned 1 exit status
make[2]: *** [cmTryCompileExec417290779] Error 1
make[2]: Leaving directory `/home/sbrugger/workspace/src/laser_drivers/LMS1xx/build/CMakeFiles/CMakeTmp'
make[1]: *** [cmTryCompileExec417290779/fast] Error 2
make[1]: Leaving directory `/home/sbrugger/workspace/src/laser_drivers/LMS1xx/build/CMakeFiles/CMakeTmp'


